<?xml version="1.0" encoding="UTF-8"?>
<!-- Generated by org.testng.reporters.JUnitXMLReporter -->
<testsuite hostname="DESKTOP-L519GF9" ignored="0" name="Default test" tests="1" failures="0" timestamp="07 May 2020 02:18:09 GMT" time="0.047" errors="0">
  <testcase name="@BeforeSuite openBrowser" time="0.102" classname="com.training.sanity.tests.LoginTests">
    <failure type="java.lang.IllegalStateException" message="The driver executable does not exist: C:\Users\RaviGuntur\git\selenium-elearning-automation-framework\selenium-elearning-automation-framework\final-framework-testng\driver\chromedriver.exe">
      <![CDATA[java.lang.IllegalStateException: The driver executable does not exist: C:\Users\RaviGuntur\git\selenium-elearning-automation-framework\selenium-elearning-automation-framework\final-framework-testng\driver\chromedriver.exe
	at com.google.common.base.Preconditions.checkState(Preconditions.java:534)
	at org.openqa.selenium.remote.service.DriverService.checkExecutable(DriverService.java:136)
	at org.openqa.selenium.remote.service.DriverService.findExecutable(DriverService.java:131)
	at org.openqa.selenium.chrome.ChromeDriverService.access$000(ChromeDriverService.java:32)
	at org.openqa.selenium.chrome.ChromeDriverService$Builder.findDefaultExecutable(ChromeDriverService.java:137)
	at org.openqa.selenium.remote.service.DriverService$Builder.build(DriverService.java:329)
	at org.openqa.selenium.chrome.ChromeDriverService.createDefaultService(ChromeDriverService.java:88)
	at org.openqa.selenium.chrome.ChromeDriver.<init>(ChromeDriver.java:123)
	at com.training.sanity.tests.LoginTests.openBrowser(LoginTests.java:48)
	at sun.reflect.NativeMethodAccessorImpl.invoke0(Native Method)
	at sun.reflect.NativeMethodAccessorImpl.invoke(Unknown Source)
	at sun.reflect.DelegatingMethodAccessorImpl.invoke(Unknown Source)
	at java.lang.reflect.Method.invoke(Unknown Source)
	at org.testng.internal.MethodInvocationHelper.invokeMethod(MethodInvocationHelper.java:108)
	at org.testng.internal.Invoker.invokeConfigurationMethod(Invoker.java:523)
	at org.testng.internal.Invoker.invokeConfigurations(Invoker.java:224)
	at org.testng.internal.Invoker.invokeConfigurations(Invoker.java:146)
	at org.testng.SuiteRunner.privateRun(SuiteRunner.java:326)
	at org.testng.SuiteRunner.run(SuiteRunner.java:289)
	at org.testng.SuiteRunnerWorker.runSuite(SuiteRunnerWorker.java:52)
	at org.testng.SuiteRunnerWorker.run(SuiteRunnerWorker.java:86)
	at org.testng.TestNG.runSuitesSequentially(TestNG.java:1301)
	at org.testng.TestNG.runSuitesLocally(TestNG.java:1226)
	at org.testng.TestNG.runSuites(TestNG.java:1144)
	at org.testng.TestNG.run(TestNG.java:1115)
	at org.testng.remote.AbstractRemoteTestNG.run(AbstractRemoteTestNG.java:114)
	at org.testng.remote.RemoteTestNG.initAndRun(RemoteTestNG.java:251)
	at org.testng.remote.RemoteTestNG.main(RemoteTestNG.java:77)
]]>
    </failure>
  </testcase> <!-- @BeforeSuite openBrowser -->
  <testcase name="@BeforeClass setUpBeforeClass" time="0.0" classname="com.training.sanity.tests.LoginTests">
    <skipped/>
  </testcase> <!-- @BeforeClass setUpBeforeClass -->
  <testcase name="@BeforeMethod setUp" time="0.0" classname="com.training.sanity.tests.LoginTests">
    <skipped/>
  </testcase> <!-- @BeforeMethod setUp -->
  <testcase name="validLoginTest" time="0.002" classname="com.training.sanity.tests.LoginTests">
    <skipped/>
  </testcase> <!-- validLoginTest -->
</testsuite> <!-- Default test -->
